<?xml version="1.0" encoding="UTF-8"?>
<!-- Generated by org.testng.reporters.JUnitXMLReporter -->
<testsuite ignored="6" hostname="WSAMZN-HLBJ87PA" failures="0" tests="1" name="Default test" time="3.954" errors="0" timestamp="2021-12-13T14:56:21 SAST">
  <testcase classname="com.TestRest.API.FirstRestKC1" name="ekBarDemoPost" time="3.889"/>
  <testcase classname="com.TestRest.API.FirstRestKC1" name="DPb" time="0.0">
    <ignored/>
  </testcase> <!-- DPb -->
  <testcase classname="com.TestRest.API.FirstRestKC1" name="DemoPost" time="0.0">
    <ignored/>
  </testcase> <!-- DemoPost -->
  <testcase classname="com.TestRest.API.FirstRestKC1" name="omsa" time="0.0">
    <ignored/>
  </testcase> <!-- omsa -->
  <testcase classname="com.TestRest.API.FirstRestKC1" name="name" time="0.0">
    <ignored/>
  </testcase> <!-- name -->
  <testcase classname="com.TestRest.API.FirstRestKC1" name="DPDemo" time="0.0">
    <ignored/>
  </testcase> <!-- DPDemo -->
  <testcase classname="com.TestRest.API.FirstRestKC1" name="awe" time="0.0">
    <ignored/>
  </testcase> <!-- awe -->
</testsuite> <!-- Default test -->
