<?xml version="1.0" encoding="UTF-8"?>
<testng-results ignored="4" total="9" passed="5" failed="0" skipped="0">
  <reporter-output>
  </reporter-output>
  <suite started-at="2021-12-23T05:53:11 SAST" name="Suite" finished-at="2021-12-23T05:53:11 SAST" duration-ms="85">
    <groups>
    </groups>
    <test started-at="2021-12-23T05:53:11 SAST" name="Test" finished-at="2021-12-23T05:53:11 SAST" duration-ms="85">
      <class name="com.TestRest.API.FirstRestKC1">
        <test-method signature="name(java.lang.String)[pri:0, instance:com.TestRest.API.FirstRestKC1@47987356]" started-at="2021-12-23T05:53:11 SAST" name="name" finished-at="2021-12-23T05:53:11 SAST" duration-ms="12" status="PASS">
          <params>
            <param index="0">
              <value>
                <![CDATA[Ganesha !]]>
              </value>
            </param>
          </params>
          <reporter-output>
          </reporter-output>
        </test-method> <!-- name -->
        <test-method signature="DPDemo(java.lang.String)[pri:0, instance:com.TestRest.API.FirstRestKC1@47987356]" started-at="2021-12-23T05:53:11 SAST" name="DPDemo" data-provider="DPDemo" finished-at="2021-12-23T05:53:11 SAST" duration-ms="2" status="PASS">
          <params>
            <param index="0">
              <value>
                <![CDATA[SADA]]>
              </value>
            </param>
          </params>
          <reporter-output>
          </reporter-output>
        </test-method> <!-- DPDemo -->
        <test-method signature="DPDemo(java.lang.String)[pri:0, instance:com.TestRest.API.FirstRestKC1@47987356]" started-at="2021-12-23T05:53:11 SAST" name="DPDemo" data-provider="DPDemo" finished-at="2021-12-23T05:53:11 SAST" duration-ms="1" status="PASS">
          <params>
            <param index="0">
              <value>
                <![CDATA[RAMG]]>
              </value>
            </param>
          </params>
          <reporter-output>
          </reporter-output>
        </test-method> <!-- DPDemo -->
        <test-method signature="DPb(java.lang.String,java.lang.String)[pri:0, instance:com.TestRest.API.FirstRestKC1@47987356]" started-at="2021-12-23T05:53:11 SAST" name="DPb" data-provider="Pseudo" finished-at="2021-12-23T05:53:11 SAST" duration-ms="1" status="PASS">
          <params>
            <param index="0">
              <value>
                <![CDATA[RamJi]]>
              </value>
            </param>
            <param index="1">
              <value>
                <![CDATA[Ganesha ji]]>
              </value>
            </param>
          </params>
          <reporter-output>
          </reporter-output>
        </test-method> <!-- DPb -->
        <test-method signature="DPb(java.lang.String,java.lang.String)[pri:0, instance:com.TestRest.API.FirstRestKC1@47987356]" started-at="2021-12-23T05:53:11 SAST" name="DPb" data-provider="Pseudo" finished-at="2021-12-23T05:53:11 SAST" duration-ms="1" status="PASS">
          <params>
            <param index="0">
              <value>
                <![CDATA[Laxman ji ]]>
              </value>
            </param>
            <param index="1">
              <value>
                <![CDATA[Hanuman Ji]]>
              </value>
            </param>
          </params>
          <reporter-output>
          </reporter-output>
        </test-method> <!-- DPb -->
      </class> <!-- com.TestRest.API.FirstRestKC1 -->
    </test> <!-- Test -->
  </suite> <!-- Suite -->
</testng-results>
